<?xml version="1.0" encoding="UTF-8"?>
<testng-results skipped="0" failed="0" ignored="0" total="1" passed="1">
  <reporter-output>
  </reporter-output>
  <suite name="Default suite" duration-ms="29351" started-at="2020-05-14T11:25:49 COT" finished-at="2020-05-14T11:26:18 COT">
    <groups>
    </groups>
    <test name="Default test" duration-ms="29351" started-at="2020-05-14T11:25:49 COT" finished-at="2020-05-14T11:26:18 COT">
      <class name="pagetest.TestReserva">
        <test-method status="PASS" signature="beforeTest()[pri:0, instance:pagetest.TestReserva@1e6d1014]" name="beforeTest" is-config="true" duration-ms="11570" started-at="2020-05-14T11:25:49 COT" finished-at="2020-05-14T11:26:00 COT">
          <reporter-output>
          </reporter-output>
        </test-method> <!-- beforeTest -->
        <test-method status="PASS" signature="reservaPage(java.util.Hashtable)[pri:0, instance:pagetest.TestReserva@1e6d1014]" name="reservaPage" duration-ms="16076" started-at="2020-05-14T11:26:01 COT" data-provider="dataPool" finished-at="2020-05-14T11:26:17 COT">
          <params>
            <param index="0">
              <value>
                <![CDATA[{Ejecutar=Y, feLlegada=2020-Julio-19, feInicio=2020-Julio-15, bpDestino=Lima, bpOrigen=Bogota}]]>
              </value>
            </param>
          </params>
          <reporter-output>
          </reporter-output>
        </test-method> <!-- reservaPage -->
        <test-method status="PASS" signature="afterTest()[pri:0, instance:pagetest.TestReserva@1e6d1014]" name="afterTest" is-config="true" duration-ms="702" started-at="2020-05-14T11:26:17 COT" finished-at="2020-05-14T11:26:18 COT">
          <reporter-output>
          </reporter-output>
        </test-method> <!-- afterTest -->
      </class> <!-- pagetest.TestReserva -->
    </test> <!-- Default test -->
  </suite> <!-- Default suite -->
</testng-results>
